<?xml version="1.0" encoding="UTF-8"?>
<!-- Generated by org.testng.reporters.JUnitReportReporter -->
<testsuite hostname="LAPTOP-4QFJKR4E" failures="0" tests="3" name="test.Login_with_Multiple_Sets_of_Data" time="29.815" errors="0" timestamp="2022-09-07T19:51:36 ICT" skipped="0">
  <testcase classname="test.Login_with_Multiple_Sets_of_Data" name="login" time="6.567"/>
  <system-out/>
  <testcase classname="test.Login_with_Multiple_Sets_of_Data" name="login" time="6.502"/>
  <system-out/>
  <testcase classname="test.Login_with_Multiple_Sets_of_Data" name="login" time="16.746"/>
  <system-out/>
</testsuite> <!-- test.Login_with_Multiple_Sets_of_Data -->
